<?xml version="1.0" encoding="UTF-8"?>
<testsuites name="MTN Subscription" time="174.745" tests="11" failures="0" errors="0">
   <testsuite name="MTN Subscription" tests="11" failures="0" errors="0" time="174.745" timestamp="2020-02-21 12:11:51" hostname="ushani - ushani-ThinkPad-T480s" id="Test Suites/MTN Development/MTN Subscription">
      <properties>
         <property name="deviceName" value=""/>
         <property name="devicePlatform" value=""/>
         <property name="logFolder" value="/home/ushani/gitRepos/Orange_Product_Development/PDORNG_API_Development/Reports/20200221_121145/MTN Development/MTN Subscription/20200221_121145"/>
         <property name="logFiles" value="/home/ushani/gitRepos/Orange_Product_Development/PDORNG_API_Development/Reports/20200221_121145/MTN Development/MTN Subscription/20200221_121145/execution0.log"/>
         <property name="attachments" value=""/>
         <property name="hostName" value="ushani - ushani-ThinkPad-T480s"/>
         <property name="hostAddress" value="127.0.1.1"/>
         <property name="os" value="Linux 64bit"/>
         <property name="katalonVersion" value="7.2.1.1"/>
      </properties>
      <testcase name="Test Cases/MTN Development/MTN Subscription/Sub_Verify the user id in header is blank" time="3.987" classname="Test Cases/MTN Development/MTN Subscription/Sub_Verify the user id in header is blank" status="PASSED">
         <system-out><![CDATA[2020-02-21 12:11:51 - [TEST_CASE][PASSED] - Test Cases/MTN Development/MTN Subscription/Sub_Verify the user id in header is blank: Test Cases/MTN Development/MTN Subscription/Sub_Verify the user id in header is blank

2020-02-21 12:11:51 - [TEST_STEP][PASSED] - sendRequest(findTestObject("MTN Development/MTN Subscription/Subscription - Blank user id")): Send request successfully

2020-02-21 12:11:53 - [MESSAGE][INFO] - HAR: /home/ushani/gitRepos/Orange_Product_Development/PDORNG_API_Development/Reports/20200221_121145/MTN Development/MTN Subscription/20200221_121145/requests/main/0.har

2020-02-21 12:11:53 - [MESSAGE][PASSED] - Send request successfully

2020-02-21 12:11:53 - [TEST_STEP][PASSED] - response = sendRequestAndVerify(findTestObject("MTN Development/MTN Subscription/Subscription - Blank user id")): Send request and verify the response successfully

2020-02-21 12:11:55 - [MESSAGE][INFO] - HAR: /home/ushani/gitRepos/Orange_Product_Development/PDORNG_API_Development/Reports/20200221_121145/MTN Development/MTN Subscription/20200221_121145/requests/main/1.har

2020-02-21 12:11:55 - [TEST_CASE][PASSED] - Start Test Case : Verification: Verification accomplished successfully

2020-02-21 12:11:55 - [TEST_STEP][PASSED] - request = getInstance().getCurrentRequest(): null

2020-02-21 12:11:55 - [TEST_STEP][PASSED] - response = getInstance().getCurrentResponse(): null

2020-02-21 12:11:55 - [TEST_STEP][PASSED] - verifyResponseStatusCode(response, 400): Verify response status code successfully

2020-02-21 12:11:55 - [MESSAGE][PASSED] - Verify response status code successfully

2020-02-21 12:11:55 - [TEST_STEP][PASSED] - getStatusCode()).isEqualTo(400): null

2020-02-21 12:11:55 - [MESSAGE][PASSED] - Verify response successfully

2020-02-21 12:11:55 - [MESSAGE][PASSED] - Send request and verify the response successfully]]></system-out>
         <system-err><![CDATA[]]></system-err>
      </testcase>
      <testcase name="Test Cases/MTN Development/MTN Subscription/Sub_Verify the state in header is blank" time="3.185" classname="Test Cases/MTN Development/MTN Subscription/Sub_Verify the state in header is blank" status="PASSED">
         <system-out><![CDATA[2020-02-21 12:11:55 - [TEST_CASE][PASSED] - Test Cases/MTN Development/MTN Subscription/Sub_Verify the state in header is blank: Test Cases/MTN Development/MTN Subscription/Sub_Verify the state in header is blank

2020-02-21 12:11:55 - [TEST_STEP][PASSED] - sendRequest(findTestObject("MTN Development/MTN Subscription/Subscription - Blank state")): Send request successfully

2020-02-21 12:11:57 - [MESSAGE][INFO] - HAR: /home/ushani/gitRepos/Orange_Product_Development/PDORNG_API_Development/Reports/20200221_121145/MTN Development/MTN Subscription/20200221_121145/requests/main/2.har

2020-02-21 12:11:57 - [MESSAGE][PASSED] - Send request successfully

2020-02-21 12:11:57 - [TEST_STEP][PASSED] - response = sendRequestAndVerify(findTestObject("MTN Development/MTN Subscription/Subscription - Blank state")): Send request and verify the response successfully

2020-02-21 12:11:58 - [MESSAGE][INFO] - HAR: /home/ushani/gitRepos/Orange_Product_Development/PDORNG_API_Development/Reports/20200221_121145/MTN Development/MTN Subscription/20200221_121145/requests/main/3.har

2020-02-21 12:11:58 - [TEST_CASE][PASSED] - Start Test Case : Verification: Verification accomplished successfully

2020-02-21 12:11:58 - [TEST_STEP][PASSED] - request = getInstance().getCurrentRequest(): null

2020-02-21 12:11:58 - [TEST_STEP][PASSED] - response = getInstance().getCurrentResponse(): null

2020-02-21 12:11:58 - [TEST_STEP][PASSED] - verifyResponseStatusCode(response, 400): Verify response status code successfully

2020-02-21 12:11:58 - [MESSAGE][PASSED] - Verify response status code successfully

2020-02-21 12:11:58 - [TEST_STEP][PASSED] - getStatusCode()).isEqualTo(400): null

2020-02-21 12:11:58 - [MESSAGE][PASSED] - Verify response successfully

2020-02-21 12:11:58 - [MESSAGE][PASSED] - Send request and verify the response successfully]]></system-out>
         <system-err><![CDATA[]]></system-err>
      </testcase>
      <testcase name="Test Cases/MTN Development/MTN Subscription/Sub_Verify the sp id in header is blank" time="3.218" classname="Test Cases/MTN Development/MTN Subscription/Sub_Verify the sp id in header is blank" status="PASSED">
         <system-out><![CDATA[2020-02-21 12:11:58 - [TEST_CASE][PASSED] - Test Cases/MTN Development/MTN Subscription/Sub_Verify the sp id in header is blank: Test Cases/MTN Development/MTN Subscription/Sub_Verify the sp id in header is blank

2020-02-21 12:11:58 - [TEST_STEP][PASSED] - sendRequest(findTestObject("MTN Development/MTN Subscription/Subscription - Blank sp id")): Send request successfully

2020-02-21 12:12:00 - [MESSAGE][INFO] - HAR: /home/ushani/gitRepos/Orange_Product_Development/PDORNG_API_Development/Reports/20200221_121145/MTN Development/MTN Subscription/20200221_121145/requests/main/4.har

2020-02-21 12:12:00 - [MESSAGE][PASSED] - Send request successfully

2020-02-21 12:12:00 - [TEST_STEP][PASSED] - response = sendRequestAndVerify(findTestObject("MTN Development/MTN Subscription/Subscription - Blank sp id")): Send request and verify the response successfully

2020-02-21 12:12:01 - [MESSAGE][INFO] - HAR: /home/ushani/gitRepos/Orange_Product_Development/PDORNG_API_Development/Reports/20200221_121145/MTN Development/MTN Subscription/20200221_121145/requests/main/5.har

2020-02-21 12:12:01 - [TEST_CASE][PASSED] - Start Test Case : Verification: Verification accomplished successfully

2020-02-21 12:12:01 - [TEST_STEP][PASSED] - request = getInstance().getCurrentRequest(): null

2020-02-21 12:12:01 - [TEST_STEP][PASSED] - response = getInstance().getCurrentResponse(): null

2020-02-21 12:12:01 - [TEST_STEP][PASSED] - verifyResponseStatusCode(response, 400): Verify response status code successfully

2020-02-21 12:12:01 - [MESSAGE][PASSED] - Verify response status code successfully

2020-02-21 12:12:01 - [TEST_STEP][PASSED] - getStatusCode()).isEqualTo(400): null

2020-02-21 12:12:01 - [MESSAGE][PASSED] - Verify response successfully

2020-02-21 12:12:01 - [MESSAGE][PASSED] - Send request and verify the response successfully]]></system-out>
         <system-err><![CDATA[]]></system-err>
      </testcase>
      <testcase name="Test Cases/MTN Development/MTN Subscription/Sub_Verify the product id in header is blank" time="3.243" classname="Test Cases/MTN Development/MTN Subscription/Sub_Verify the product id in header is blank" status="PASSED">
         <system-out><![CDATA[2020-02-21 12:12:01 - [TEST_CASE][PASSED] - Test Cases/MTN Development/MTN Subscription/Sub_Verify the product id in header is blank: Test Cases/MTN Development/MTN Subscription/Sub_Verify the product id in header is blank

2020-02-21 12:12:01 - [TEST_STEP][PASSED] - sendRequest(findTestObject("MTN Development/MTN Subscription/Subscription - Blank product id")): Send request successfully

2020-02-21 12:12:03 - [MESSAGE][INFO] - HAR: /home/ushani/gitRepos/Orange_Product_Development/PDORNG_API_Development/Reports/20200221_121145/MTN Development/MTN Subscription/20200221_121145/requests/main/6.har

2020-02-21 12:12:03 - [MESSAGE][PASSED] - Send request successfully

2020-02-21 12:12:03 - [TEST_STEP][PASSED] - response = sendRequestAndVerify(findTestObject("MTN Development/MTN Subscription/Subscription - Blank product id")): Send request and verify the response successfully

2020-02-21 12:12:05 - [MESSAGE][INFO] - HAR: /home/ushani/gitRepos/Orange_Product_Development/PDORNG_API_Development/Reports/20200221_121145/MTN Development/MTN Subscription/20200221_121145/requests/main/7.har

2020-02-21 12:12:05 - [TEST_CASE][PASSED] - Start Test Case : Verification: Verification accomplished successfully

2020-02-21 12:12:05 - [TEST_STEP][PASSED] - request = getInstance().getCurrentRequest(): null

2020-02-21 12:12:05 - [TEST_STEP][PASSED] - response = getInstance().getCurrentResponse(): null

2020-02-21 12:12:05 - [TEST_STEP][PASSED] - verifyResponseStatusCode(response, 400): Verify response status code successfully

2020-02-21 12:12:05 - [MESSAGE][PASSED] - Verify response status code successfully

2020-02-21 12:12:05 - [TEST_STEP][PASSED] - getStatusCode()).isEqualTo(400): null

2020-02-21 12:12:05 - [MESSAGE][PASSED] - Verify response successfully

2020-02-21 12:12:05 - [MESSAGE][PASSED] - Send request and verify the response successfully]]></system-out>
         <system-err><![CDATA[]]></system-err>
      </testcase>
      <testcase name="Test Cases/MTN Development/MTN Subscription/Sub_Verify the mno name in header is blank" time="3.224" classname="Test Cases/MTN Development/MTN Subscription/Sub_Verify the mno name in header is blank" status="PASSED">
         <system-out><![CDATA[2020-02-21 12:12:05 - [TEST_CASE][PASSED] - Test Cases/MTN Development/MTN Subscription/Sub_Verify the mno name in header is blank: Test Cases/MTN Development/MTN Subscription/Sub_Verify the mno name in header is blank

2020-02-21 12:12:05 - [TEST_STEP][PASSED] - sendRequest(findTestObject("MTN Development/MTN Subscription/Subscription - Blank mno name")): Send request successfully

2020-02-21 12:12:06 - [MESSAGE][INFO] - HAR: /home/ushani/gitRepos/Orange_Product_Development/PDORNG_API_Development/Reports/20200221_121145/MTN Development/MTN Subscription/20200221_121145/requests/main/8.har

2020-02-21 12:12:06 - [MESSAGE][PASSED] - Send request successfully

2020-02-21 12:12:06 - [TEST_STEP][PASSED] - response = sendRequestAndVerify(findTestObject("MTN Development/MTN Subscription/Subscription - Blank mno name")): Send request and verify the response successfully

2020-02-21 12:12:08 - [MESSAGE][INFO] - HAR: /home/ushani/gitRepos/Orange_Product_Development/PDORNG_API_Development/Reports/20200221_121145/MTN Development/MTN Subscription/20200221_121145/requests/main/9.har

2020-02-21 12:12:08 - [TEST_CASE][PASSED] - Start Test Case : Verification: Verification accomplished successfully

2020-02-21 12:12:08 - [TEST_STEP][PASSED] - request = getInstance().getCurrentRequest(): null

2020-02-21 12:12:08 - [TEST_STEP][PASSED] - response = getInstance().getCurrentResponse(): null

2020-02-21 12:12:08 - [TEST_STEP][PASSED] - verifyResponseStatusCode(response, 400): Verify response status code successfully

2020-02-21 12:12:08 - [MESSAGE][PASSED] - Verify response status code successfully

2020-02-21 12:12:08 - [TEST_STEP][PASSED] - getStatusCode()).isEqualTo(400): null

2020-02-21 12:12:08 - [MESSAGE][PASSED] - Verify response successfully

2020-02-21 12:12:08 - [MESSAGE][PASSED] - Send request and verify the response successfully]]></system-out>
         <system-err><![CDATA[]]></system-err>
      </testcase>
      <testcase name="Test Cases/MTN Development/MTN Subscription/Sub_Verify the country code in header is blank" time="3.063" classname="Test Cases/MTN Development/MTN Subscription/Sub_Verify the country code in header is blank" status="PASSED">
         <system-out><![CDATA[2020-02-21 12:12:08 - [TEST_CASE][PASSED] - Test Cases/MTN Development/MTN Subscription/Sub_Verify the country code in header is blank: Test Cases/MTN Development/MTN Subscription/Sub_Verify the country code in header is blank

2020-02-21 12:12:08 - [TEST_STEP][PASSED] - sendRequest(findTestObject("MTN Development/MTN Subscription/Subscription - Blank country code")): Send request successfully

2020-02-21 12:12:09 - [MESSAGE][INFO] - HAR: /home/ushani/gitRepos/Orange_Product_Development/PDORNG_API_Development/Reports/20200221_121145/MTN Development/MTN Subscription/20200221_121145/requests/main/10.har

2020-02-21 12:12:09 - [MESSAGE][PASSED] - Send request successfully

2020-02-21 12:12:09 - [TEST_STEP][PASSED] - response = sendRequestAndVerify(findTestObject("MTN Development/MTN Subscription/Subscription - Blank country code")): Send request and verify the response successfully

2020-02-21 12:12:11 - [MESSAGE][INFO] - HAR: /home/ushani/gitRepos/Orange_Product_Development/PDORNG_API_Development/Reports/20200221_121145/MTN Development/MTN Subscription/20200221_121145/requests/main/11.har

2020-02-21 12:12:11 - [TEST_CASE][PASSED] - Start Test Case : Verification: Verification accomplished successfully

2020-02-21 12:12:11 - [TEST_STEP][PASSED] - request = getInstance().getCurrentRequest(): null

2020-02-21 12:12:11 - [TEST_STEP][PASSED] - response = getInstance().getCurrentResponse(): null

2020-02-21 12:12:11 - [TEST_STEP][PASSED] - verifyResponseStatusCode(response, 400): Verify response status code successfully

2020-02-21 12:12:11 - [MESSAGE][PASSED] - Verify response status code successfully

2020-02-21 12:12:11 - [TEST_STEP][PASSED] - getStatusCode()).isEqualTo(400): null

2020-02-21 12:12:11 - [MESSAGE][PASSED] - Verify response successfully

2020-02-21 12:12:11 - [MESSAGE][PASSED] - Send request and verify the response successfully]]></system-out>
         <system-err><![CDATA[]]></system-err>
      </testcase>
      <testcase name="Test Cases/MTN Development/MTN Subscription/Sub_Verify sending request from SP with all required request header fields" time="5.112" classname="Test Cases/MTN Development/MTN Subscription/Sub_Verify sending request from SP with all required request header fields" status="PASSED">
         <system-out><![CDATA[2020-02-21 12:12:11 - [TEST_CASE][PASSED] - Test Cases/MTN Development/MTN Subscription/Sub_Verify sending request from SP with all required request header fields: Test Cases/MTN Development/MTN Subscription/Sub_Verify sending request from SP with all required request header fields

2020-02-21 12:12:11 - [TEST_STEP][PASSED] - sendRequest(findTestObject("MTN Development/MTN Subscription/Subscription - Valid")): Send request successfully

2020-02-21 12:12:13 - [MESSAGE][INFO] - HAR: /home/ushani/gitRepos/Orange_Product_Development/PDORNG_API_Development/Reports/20200221_121145/MTN Development/MTN Subscription/20200221_121145/requests/main/12.har

2020-02-21 12:12:13 - [MESSAGE][PASSED] - Send request successfully

2020-02-21 12:12:13 - [TEST_STEP][PASSED] - response = sendRequestAndVerify(findTestObject("MTN Development/MTN Subscription/Subscription - Valid")): Send request and verify the response successfully

2020-02-21 12:12:16 - [MESSAGE][INFO] - HAR: /home/ushani/gitRepos/Orange_Product_Development/PDORNG_API_Development/Reports/20200221_121145/MTN Development/MTN Subscription/20200221_121145/requests/main/13.har

2020-02-21 12:12:16 - [TEST_CASE][PASSED] - Start Test Case : Verification: Verification accomplished successfully

2020-02-21 12:12:16 - [TEST_STEP][PASSED] - request = getInstance().getCurrentRequest(): null

2020-02-21 12:12:16 - [TEST_STEP][PASSED] - response = getInstance().getCurrentResponse(): null

2020-02-21 12:12:16 - [TEST_STEP][PASSED] - verifyResponseStatusCode(response, 200): Verify response status code successfully

2020-02-21 12:12:16 - [MESSAGE][PASSED] - Verify response status code successfully

2020-02-21 12:12:16 - [TEST_STEP][PASSED] - getStatusCode()).isEqualTo(200): null

2020-02-21 12:12:16 - [TEST_STEP][PASSED] - getResponseText()).contains("subscription-id"): null

2020-02-21 12:12:16 - [MESSAGE][PASSED] - Verify response successfully

2020-02-21 12:12:16 - [MESSAGE][PASSED] - Send request and verify the response successfully]]></system-out>
         <system-err><![CDATA[]]></system-err>
      </testcase>
      <testcase name="Test Cases/MTN Development/MTN Subscription/Sub_Verify invalid sp id in header" time="139.883" classname="Test Cases/MTN Development/MTN Subscription/Sub_Verify invalid sp id in header" status="PASSED">
         <system-out><![CDATA[2020-02-21 12:12:16 - [TEST_CASE][PASSED] - Test Cases/MTN Development/MTN Subscription/Sub_Verify invalid sp id in header: Test Cases/MTN Development/MTN Subscription/Sub_Verify invalid sp id in header

2020-02-21 12:12:16 - [TEST_STEP][PASSED] - sendRequest(findTestObject("MTN Development/MTN Subscription/Subscription - Invalid sp id")): Send request successfully

2020-02-21 12:14:28 - [MESSAGE][INFO] - HAR: /home/ushani/gitRepos/Orange_Product_Development/PDORNG_API_Development/Reports/20200221_121145/MTN Development/MTN Subscription/20200221_121145/requests/main/14.har

2020-02-21 12:14:28 - [MESSAGE][PASSED] - Send request successfully

2020-02-21 12:14:28 - [TEST_STEP][PASSED] - response = sendRequestAndVerify(findTestObject("MTN Development/MTN Subscription/Subscription - Invalid sp id")): Send request and verify the response successfully

2020-02-21 12:14:36 - [MESSAGE][INFO] - HAR: /home/ushani/gitRepos/Orange_Product_Development/PDORNG_API_Development/Reports/20200221_121145/MTN Development/MTN Subscription/20200221_121145/requests/main/15.har

2020-02-21 12:14:36 - [TEST_CASE][PASSED] - Start Test Case : Verification: Verification accomplished successfully

2020-02-21 12:14:36 - [TEST_STEP][PASSED] - request = getInstance().getCurrentRequest(): null

2020-02-21 12:14:36 - [TEST_STEP][PASSED] - response = getInstance().getCurrentResponse(): null

2020-02-21 12:14:36 - [TEST_STEP][PASSED] - verifyResponseStatusCode(response, 400): Verify response status code successfully

2020-02-21 12:14:36 - [MESSAGE][PASSED] - Verify response status code successfully

2020-02-21 12:14:36 - [TEST_STEP][PASSED] - getStatusCode()).isEqualTo(400): null

2020-02-21 12:14:36 - [MESSAGE][PASSED] - Verify response successfully

2020-02-21 12:14:36 - [MESSAGE][PASSED] - Send request and verify the response successfully]]></system-out>
         <system-err><![CDATA[]]></system-err>
      </testcase>
      <testcase name="Test Cases/MTN Development/MTN Subscription/Sub_Verify invalid product id in header" time="3.239" classname="Test Cases/MTN Development/MTN Subscription/Sub_Verify invalid product id in header" status="PASSED">
         <system-out><![CDATA[2020-02-21 12:14:36 - [TEST_CASE][PASSED] - Test Cases/MTN Development/MTN Subscription/Sub_Verify invalid product id in header: Test Cases/MTN Development/MTN Subscription/Sub_Verify invalid product id in header

2020-02-21 12:14:36 - [TEST_STEP][PASSED] - sendRequest(findTestObject("MTN Development/MTN Subscription/Subscription - Invalid product id")): Send request successfully

2020-02-21 12:14:37 - [MESSAGE][INFO] - HAR: /home/ushani/gitRepos/Orange_Product_Development/PDORNG_API_Development/Reports/20200221_121145/MTN Development/MTN Subscription/20200221_121145/requests/main/16.har

2020-02-21 12:14:37 - [MESSAGE][PASSED] - Send request successfully

2020-02-21 12:14:37 - [TEST_STEP][PASSED] - response = sendRequestAndVerify(findTestObject("MTN Development/MTN Subscription/Subscription - Invalid product id")): Send request and verify the response successfully

2020-02-21 12:14:39 - [MESSAGE][INFO] - HAR: /home/ushani/gitRepos/Orange_Product_Development/PDORNG_API_Development/Reports/20200221_121145/MTN Development/MTN Subscription/20200221_121145/requests/main/17.har

2020-02-21 12:14:39 - [TEST_CASE][PASSED] - Start Test Case : Verification: Verification accomplished successfully

2020-02-21 12:14:39 - [TEST_STEP][PASSED] - request = getInstance().getCurrentRequest(): null

2020-02-21 12:14:39 - [TEST_STEP][PASSED] - response = getInstance().getCurrentResponse(): null

2020-02-21 12:14:39 - [TEST_STEP][PASSED] - verifyResponseStatusCode(response, 400): Verify response status code successfully

2020-02-21 12:14:39 - [MESSAGE][PASSED] - Verify response status code successfully

2020-02-21 12:14:39 - [TEST_STEP][PASSED] - getStatusCode()).isEqualTo(400): null

2020-02-21 12:14:39 - [MESSAGE][PASSED] - Verify response successfully

2020-02-21 12:14:39 - [MESSAGE][PASSED] - Send request and verify the response successfully]]></system-out>
         <system-err><![CDATA[]]></system-err>
      </testcase>
      <testcase name="Test Cases/MTN Development/MTN Subscription/Sub_Verify invalid mno name in header" time="3.224" classname="Test Cases/MTN Development/MTN Subscription/Sub_Verify invalid mno name in header" status="PASSED">
         <system-out><![CDATA[2020-02-21 12:14:39 - [TEST_CASE][PASSED] - Test Cases/MTN Development/MTN Subscription/Sub_Verify invalid mno name in header: Test Cases/MTN Development/MTN Subscription/Sub_Verify invalid mno name in header

2020-02-21 12:14:39 - [TEST_STEP][PASSED] - sendRequest(findTestObject("MTN Development/MTN Subscription/Subscription - Invalid mno name")): Send request successfully

2020-02-21 12:14:41 - [MESSAGE][INFO] - HAR: /home/ushani/gitRepos/Orange_Product_Development/PDORNG_API_Development/Reports/20200221_121145/MTN Development/MTN Subscription/20200221_121145/requests/main/18.har

2020-02-21 12:14:41 - [MESSAGE][PASSED] - Send request successfully

2020-02-21 12:14:41 - [TEST_STEP][PASSED] - response = sendRequestAndVerify(findTestObject("MTN Development/MTN Subscription/Subscription - Invalid mno name")): Send request and verify the response successfully

2020-02-21 12:14:42 - [MESSAGE][INFO] - HAR: /home/ushani/gitRepos/Orange_Product_Development/PDORNG_API_Development/Reports/20200221_121145/MTN Development/MTN Subscription/20200221_121145/requests/main/19.har

2020-02-21 12:14:42 - [TEST_CASE][PASSED] - Start Test Case : Verification: Verification accomplished successfully

2020-02-21 12:14:42 - [TEST_STEP][PASSED] - request = getInstance().getCurrentRequest(): null

2020-02-21 12:14:42 - [TEST_STEP][PASSED] - response = getInstance().getCurrentResponse(): null

2020-02-21 12:14:42 - [TEST_STEP][PASSED] - verifyResponseStatusCode(response, 400): Verify response status code successfully

2020-02-21 12:14:42 - [MESSAGE][PASSED] - Verify response status code successfully

2020-02-21 12:14:42 - [TEST_STEP][PASSED] - getStatusCode()).isEqualTo(400): null

2020-02-21 12:14:42 - [MESSAGE][PASSED] - Verify response successfully

2020-02-21 12:14:42 - [MESSAGE][PASSED] - Send request and verify the response successfully]]></system-out>
         <system-err><![CDATA[]]></system-err>
      </testcase>
      <testcase name="Test Cases/MTN Development/MTN Subscription/Sub_Verify invalid country code in header" time="3.109" classname="Test Cases/MTN Development/MTN Subscription/Sub_Verify invalid country code in header" status="PASSED">
         <system-out><![CDATA[2020-02-21 12:14:42 - [TEST_CASE][PASSED] - Test Cases/MTN Development/MTN Subscription/Sub_Verify invalid country code in header: Test Cases/MTN Development/MTN Subscription/Sub_Verify invalid country code in header

2020-02-21 12:14:42 - [TEST_STEP][PASSED] - sendRequest(findTestObject("MTN Development/MTN Subscription/Subscription - Invalid country code")): Send request successfully

2020-02-21 12:14:44 - [MESSAGE][INFO] - HAR: /home/ushani/gitRepos/Orange_Product_Development/PDORNG_API_Development/Reports/20200221_121145/MTN Development/MTN Subscription/20200221_121145/requests/main/20.har

2020-02-21 12:14:44 - [MESSAGE][PASSED] - Send request successfully

2020-02-21 12:14:44 - [TEST_STEP][PASSED] - response = sendRequestAndVerify(findTestObject("MTN Development/MTN Subscription/Subscription - Invalid country code")): Send request and verify the response successfully

2020-02-21 12:14:45 - [MESSAGE][INFO] - HAR: /home/ushani/gitRepos/Orange_Product_Development/PDORNG_API_Development/Reports/20200221_121145/MTN Development/MTN Subscription/20200221_121145/requests/main/21.har

2020-02-21 12:14:45 - [TEST_CASE][PASSED] - Start Test Case : Verification: Verification accomplished successfully

2020-02-21 12:14:45 - [TEST_STEP][PASSED] - request = getInstance().getCurrentRequest(): null

2020-02-21 12:14:45 - [TEST_STEP][PASSED] - response = getInstance().getCurrentResponse(): null

2020-02-21 12:14:45 - [TEST_STEP][PASSED] - verifyResponseStatusCode(response, 400): Verify response status code successfully

2020-02-21 12:14:45 - [MESSAGE][PASSED] - Verify response status code successfully

2020-02-21 12:14:45 - [TEST_STEP][PASSED] - getStatusCode()).isEqualTo(400): null

2020-02-21 12:14:45 - [MESSAGE][PASSED] - Verify response successfully

2020-02-21 12:14:45 - [MESSAGE][PASSED] - Send request and verify the response successfully]]></system-out>
         <system-err><![CDATA[]]></system-err>
      </testcase>
      <system-out><![CDATA[2020-02-21 12:11:51 - [TEST_SUITE][PASSED] - MTN Subscription: Test Cases/MTN Development/MTN Subscription/Sub_Verify invalid country code in header]]></system-out>
      <system-err><![CDATA[]]></system-err>
   </testsuite>
</testsuites>
