<?xml version="1.0" encoding="UTF-8"?>
<testsuites name="MTN Subscription" time="38.868" tests="11" failures="0" errors="0">
   <testsuite name="MTN Subscription" tests="11" failures="0" errors="0" time="38.868" timestamp="2020-02-21 11:55:57" hostname="ushani - ushani-ThinkPad-T480s" id="Test Suites/MTN Development/MTN Subscription">
      <properties>
         <property name="deviceName" value=""/>
         <property name="devicePlatform" value=""/>
         <property name="logFolder" value="/home/ushani/gitRepos/Orange_Product_Development/PDORNG_API_Development/Reports/20200221_115551/MTN Development/MTN Subscription/20200221_115551"/>
         <property name="logFiles" value="/home/ushani/gitRepos/Orange_Product_Development/PDORNG_API_Development/Reports/20200221_115551/MTN Development/MTN Subscription/20200221_115551/execution0.log"/>
         <property name="attachments" value=""/>
         <property name="hostName" value="ushani - ushani-ThinkPad-T480s"/>
         <property name="hostAddress" value="127.0.1.1"/>
         <property name="os" value="Linux 64bit"/>
         <property name="katalonVersion" value="7.2.1.1"/>
      </properties>
      <testcase name="Test Cases/MTN Development/MTN Subscription/Sub_Verify the user id in header is blank" time="4.042" classname="Test Cases/MTN Development/MTN Subscription/Sub_Verify the user id in header is blank" status="PASSED">
         <system-out><![CDATA[2020-02-21 11:55:57 - [TEST_CASE][PASSED] - Test Cases/MTN Development/MTN Subscription/Sub_Verify the user id in header is blank: Test Cases/MTN Development/MTN Subscription/Sub_Verify the user id in header is blank

2020-02-21 11:55:57 - [TEST_STEP][PASSED] - sendRequest(findTestObject("MTN Development/MTN Subscription/Subscription - Blank user id")): Send request successfully

2020-02-21 11:55:59 - [MESSAGE][INFO] - HAR: /home/ushani/gitRepos/Orange_Product_Development/PDORNG_API_Development/Reports/20200221_115551/MTN Development/MTN Subscription/20200221_115551/requests/main/0.har

2020-02-21 11:55:59 - [MESSAGE][PASSED] - Send request successfully

2020-02-21 11:55:59 - [TEST_STEP][PASSED] - response = sendRequestAndVerify(findTestObject("MTN Development/MTN Subscription/Subscription - Blank user id")): Send request and verify the response successfully

2020-02-21 11:56:01 - [MESSAGE][INFO] - HAR: /home/ushani/gitRepos/Orange_Product_Development/PDORNG_API_Development/Reports/20200221_115551/MTN Development/MTN Subscription/20200221_115551/requests/main/1.har

2020-02-21 11:56:01 - [TEST_CASE][PASSED] - Start Test Case : Verification: Verification accomplished successfully

2020-02-21 11:56:01 - [TEST_STEP][PASSED] - request = getInstance().getCurrentRequest(): null

2020-02-21 11:56:01 - [TEST_STEP][PASSED] - response = getInstance().getCurrentResponse(): null

2020-02-21 11:56:01 - [TEST_STEP][PASSED] - verifyResponseStatusCode(response, 400): Verify response status code successfully

2020-02-21 11:56:01 - [MESSAGE][PASSED] - Verify response status code successfully

2020-02-21 11:56:01 - [TEST_STEP][PASSED] - getStatusCode()).isEqualTo(400): null

2020-02-21 11:56:01 - [MESSAGE][PASSED] - Verify response successfully

2020-02-21 11:56:01 - [MESSAGE][PASSED] - Send request and verify the response successfully]]></system-out>
         <system-err><![CDATA[]]></system-err>
      </testcase>
      <testcase name="Test Cases/MTN Development/MTN Subscription/Sub_Verify the state in header is blank" time="3.306" classname="Test Cases/MTN Development/MTN Subscription/Sub_Verify the state in header is blank" status="PASSED">
         <system-out><![CDATA[2020-02-21 11:56:01 - [TEST_CASE][PASSED] - Test Cases/MTN Development/MTN Subscription/Sub_Verify the state in header is blank: Test Cases/MTN Development/MTN Subscription/Sub_Verify the state in header is blank

2020-02-21 11:56:01 - [TEST_STEP][PASSED] - sendRequest(findTestObject("MTN Development/MTN Subscription/Subscription - Blank state")): Send request successfully

2020-02-21 11:56:03 - [MESSAGE][INFO] - HAR: /home/ushani/gitRepos/Orange_Product_Development/PDORNG_API_Development/Reports/20200221_115551/MTN Development/MTN Subscription/20200221_115551/requests/main/2.har

2020-02-21 11:56:03 - [MESSAGE][PASSED] - Send request successfully

2020-02-21 11:56:03 - [TEST_STEP][PASSED] - response = sendRequestAndVerify(findTestObject("MTN Development/MTN Subscription/Subscription - Blank state")): Send request and verify the response successfully

2020-02-21 11:56:04 - [MESSAGE][INFO] - HAR: /home/ushani/gitRepos/Orange_Product_Development/PDORNG_API_Development/Reports/20200221_115551/MTN Development/MTN Subscription/20200221_115551/requests/main/3.har

2020-02-21 11:56:04 - [TEST_CASE][PASSED] - Start Test Case : Verification: Verification accomplished successfully

2020-02-21 11:56:04 - [TEST_STEP][PASSED] - request = getInstance().getCurrentRequest(): null

2020-02-21 11:56:04 - [TEST_STEP][PASSED] - response = getInstance().getCurrentResponse(): null

2020-02-21 11:56:04 - [TEST_STEP][PASSED] - verifyResponseStatusCode(response, 400): Verify response status code successfully

2020-02-21 11:56:04 - [MESSAGE][PASSED] - Verify response status code successfully

2020-02-21 11:56:04 - [TEST_STEP][PASSED] - getStatusCode()).isEqualTo(400): null

2020-02-21 11:56:04 - [MESSAGE][PASSED] - Verify response successfully

2020-02-21 11:56:04 - [MESSAGE][PASSED] - Send request and verify the response successfully]]></system-out>
         <system-err><![CDATA[]]></system-err>
      </testcase>
      <testcase name="Test Cases/MTN Development/MTN Subscription/Sub_Verify the sp id in header is blank" time="3.263" classname="Test Cases/MTN Development/MTN Subscription/Sub_Verify the sp id in header is blank" status="PASSED">
         <system-out><![CDATA[2020-02-21 11:56:04 - [TEST_CASE][PASSED] - Test Cases/MTN Development/MTN Subscription/Sub_Verify the sp id in header is blank: Test Cases/MTN Development/MTN Subscription/Sub_Verify the sp id in header is blank

2020-02-21 11:56:04 - [TEST_STEP][PASSED] - sendRequest(findTestObject("MTN Development/MTN Subscription/Subscription - Blank sp id")): Send request successfully

2020-02-21 11:56:06 - [MESSAGE][INFO] - HAR: /home/ushani/gitRepos/Orange_Product_Development/PDORNG_API_Development/Reports/20200221_115551/MTN Development/MTN Subscription/20200221_115551/requests/main/4.har

2020-02-21 11:56:06 - [MESSAGE][PASSED] - Send request successfully

2020-02-21 11:56:06 - [TEST_STEP][PASSED] - response = sendRequestAndVerify(findTestObject("MTN Development/MTN Subscription/Subscription - Blank sp id")): Send request and verify the response successfully

2020-02-21 11:56:07 - [MESSAGE][INFO] - HAR: /home/ushani/gitRepos/Orange_Product_Development/PDORNG_API_Development/Reports/20200221_115551/MTN Development/MTN Subscription/20200221_115551/requests/main/5.har

2020-02-21 11:56:07 - [TEST_CASE][PASSED] - Start Test Case : Verification: Verification accomplished successfully

2020-02-21 11:56:07 - [TEST_STEP][PASSED] - request = getInstance().getCurrentRequest(): null

2020-02-21 11:56:07 - [TEST_STEP][PASSED] - response = getInstance().getCurrentResponse(): null

2020-02-21 11:56:07 - [TEST_STEP][PASSED] - verifyResponseStatusCode(response, 400): Verify response status code successfully

2020-02-21 11:56:07 - [MESSAGE][PASSED] - Verify response status code successfully

2020-02-21 11:56:07 - [TEST_STEP][PASSED] - getStatusCode()).isEqualTo(400): null

2020-02-21 11:56:07 - [MESSAGE][PASSED] - Verify response successfully

2020-02-21 11:56:07 - [MESSAGE][PASSED] - Send request and verify the response successfully]]></system-out>
         <system-err><![CDATA[]]></system-err>
      </testcase>
      <testcase name="Test Cases/MTN Development/MTN Subscription/Sub_Verify the product id in header is blank" time="3.499" classname="Test Cases/MTN Development/MTN Subscription/Sub_Verify the product id in header is blank" status="PASSED">
         <system-out><![CDATA[2020-02-21 11:56:07 - [TEST_CASE][PASSED] - Test Cases/MTN Development/MTN Subscription/Sub_Verify the product id in header is blank: Test Cases/MTN Development/MTN Subscription/Sub_Verify the product id in header is blank

2020-02-21 11:56:07 - [TEST_STEP][PASSED] - sendRequest(findTestObject("MTN Development/MTN Subscription/Subscription - Blank product id")): Send request successfully

2020-02-21 11:56:09 - [MESSAGE][INFO] - HAR: /home/ushani/gitRepos/Orange_Product_Development/PDORNG_API_Development/Reports/20200221_115551/MTN Development/MTN Subscription/20200221_115551/requests/main/6.har

2020-02-21 11:56:09 - [MESSAGE][PASSED] - Send request successfully

2020-02-21 11:56:09 - [TEST_STEP][PASSED] - response = sendRequestAndVerify(findTestObject("MTN Development/MTN Subscription/Subscription - Blank product id")): Send request and verify the response successfully

2020-02-21 11:56:11 - [MESSAGE][INFO] - HAR: /home/ushani/gitRepos/Orange_Product_Development/PDORNG_API_Development/Reports/20200221_115551/MTN Development/MTN Subscription/20200221_115551/requests/main/7.har

2020-02-21 11:56:11 - [TEST_CASE][PASSED] - Start Test Case : Verification: Verification accomplished successfully

2020-02-21 11:56:11 - [TEST_STEP][PASSED] - request = getInstance().getCurrentRequest(): null

2020-02-21 11:56:11 - [TEST_STEP][PASSED] - response = getInstance().getCurrentResponse(): null

2020-02-21 11:56:11 - [TEST_STEP][PASSED] - verifyResponseStatusCode(response, 400): Verify response status code successfully

2020-02-21 11:56:11 - [MESSAGE][PASSED] - Verify response status code successfully

2020-02-21 11:56:11 - [TEST_STEP][PASSED] - getStatusCode()).isEqualTo(400): null

2020-02-21 11:56:11 - [MESSAGE][PASSED] - Verify response successfully

2020-02-21 11:56:11 - [MESSAGE][PASSED] - Send request and verify the response successfully]]></system-out>
         <system-err><![CDATA[]]></system-err>
      </testcase>
      <testcase name="Test Cases/MTN Development/MTN Subscription/Sub_Verify the mno name in header is blank" time="3.279" classname="Test Cases/MTN Development/MTN Subscription/Sub_Verify the mno name in header is blank" status="PASSED">
         <system-out><![CDATA[2020-02-21 11:56:11 - [TEST_CASE][PASSED] - Test Cases/MTN Development/MTN Subscription/Sub_Verify the mno name in header is blank: Test Cases/MTN Development/MTN Subscription/Sub_Verify the mno name in header is blank

2020-02-21 11:56:11 - [TEST_STEP][PASSED] - sendRequest(findTestObject("MTN Development/MTN Subscription/Subscription - Blank mno name")): Send request successfully

2020-02-21 11:56:12 - [MESSAGE][INFO] - HAR: /home/ushani/gitRepos/Orange_Product_Development/PDORNG_API_Development/Reports/20200221_115551/MTN Development/MTN Subscription/20200221_115551/requests/main/8.har

2020-02-21 11:56:12 - [MESSAGE][PASSED] - Send request successfully

2020-02-21 11:56:12 - [TEST_STEP][PASSED] - response = sendRequestAndVerify(findTestObject("MTN Development/MTN Subscription/Subscription - Blank mno name")): Send request and verify the response successfully

2020-02-21 11:56:14 - [MESSAGE][INFO] - HAR: /home/ushani/gitRepos/Orange_Product_Development/PDORNG_API_Development/Reports/20200221_115551/MTN Development/MTN Subscription/20200221_115551/requests/main/9.har

2020-02-21 11:56:14 - [TEST_CASE][PASSED] - Start Test Case : Verification: Verification accomplished successfully

2020-02-21 11:56:14 - [TEST_STEP][PASSED] - request = getInstance().getCurrentRequest(): null

2020-02-21 11:56:14 - [TEST_STEP][PASSED] - response = getInstance().getCurrentResponse(): null

2020-02-21 11:56:14 - [TEST_STEP][PASSED] - verifyResponseStatusCode(response, 400): Verify response status code successfully

2020-02-21 11:56:14 - [MESSAGE][PASSED] - Verify response status code successfully

2020-02-21 11:56:14 - [TEST_STEP][PASSED] - getStatusCode()).isEqualTo(400): null

2020-02-21 11:56:14 - [MESSAGE][PASSED] - Verify response successfully

2020-02-21 11:56:14 - [MESSAGE][PASSED] - Send request and verify the response successfully]]></system-out>
         <system-err><![CDATA[]]></system-err>
      </testcase>
      <testcase name="Test Cases/MTN Development/MTN Subscription/Sub_Verify the country code in header is blank" time="3.303" classname="Test Cases/MTN Development/MTN Subscription/Sub_Verify the country code in header is blank" status="PASSED">
         <system-out><![CDATA[2020-02-21 11:56:14 - [TEST_CASE][PASSED] - Test Cases/MTN Development/MTN Subscription/Sub_Verify the country code in header is blank: Test Cases/MTN Development/MTN Subscription/Sub_Verify the country code in header is blank

2020-02-21 11:56:14 - [TEST_STEP][PASSED] - sendRequest(findTestObject("MTN Development/MTN Subscription/Subscription - Blank country code")): Send request successfully

2020-02-21 11:56:16 - [MESSAGE][INFO] - HAR: /home/ushani/gitRepos/Orange_Product_Development/PDORNG_API_Development/Reports/20200221_115551/MTN Development/MTN Subscription/20200221_115551/requests/main/10.har

2020-02-21 11:56:16 - [MESSAGE][PASSED] - Send request successfully

2020-02-21 11:56:16 - [TEST_STEP][PASSED] - response = sendRequestAndVerify(findTestObject("MTN Development/MTN Subscription/Subscription - Blank country code")): Send request and verify the response successfully

2020-02-21 11:56:17 - [MESSAGE][INFO] - HAR: /home/ushani/gitRepos/Orange_Product_Development/PDORNG_API_Development/Reports/20200221_115551/MTN Development/MTN Subscription/20200221_115551/requests/main/11.har

2020-02-21 11:56:17 - [TEST_CASE][PASSED] - Start Test Case : Verification: Verification accomplished successfully

2020-02-21 11:56:17 - [TEST_STEP][PASSED] - request = getInstance().getCurrentRequest(): null

2020-02-21 11:56:17 - [TEST_STEP][PASSED] - response = getInstance().getCurrentResponse(): null

2020-02-21 11:56:17 - [TEST_STEP][PASSED] - verifyResponseStatusCode(response, 400): Verify response status code successfully

2020-02-21 11:56:17 - [MESSAGE][PASSED] - Verify response status code successfully

2020-02-21 11:56:17 - [TEST_STEP][PASSED] - getStatusCode()).isEqualTo(400): null

2020-02-21 11:56:17 - [MESSAGE][PASSED] - Verify response successfully

2020-02-21 11:56:17 - [MESSAGE][PASSED] - Send request and verify the response successfully]]></system-out>
         <system-err><![CDATA[]]></system-err>
      </testcase>
      <testcase name="Test Cases/MTN Development/MTN Subscription/Sub_Verify sending request from SP with all required request header fields" time="5.357" classname="Test Cases/MTN Development/MTN Subscription/Sub_Verify sending request from SP with all required request header fields" status="PASSED">
         <system-out><![CDATA[2020-02-21 11:56:17 - [TEST_CASE][PASSED] - Test Cases/MTN Development/MTN Subscription/Sub_Verify sending request from SP with all required request header fields: Test Cases/MTN Development/MTN Subscription/Sub_Verify sending request from SP with all required request header fields

2020-02-21 11:56:18 - [TEST_STEP][PASSED] - sendRequest(findTestObject("MTN Development/MTN Subscription/Subscription - Valid")): Send request successfully

2020-02-21 11:56:20 - [MESSAGE][INFO] - HAR: /home/ushani/gitRepos/Orange_Product_Development/PDORNG_API_Development/Reports/20200221_115551/MTN Development/MTN Subscription/20200221_115551/requests/main/12.har

2020-02-21 11:56:20 - [MESSAGE][PASSED] - Send request successfully

2020-02-21 11:56:20 - [TEST_STEP][PASSED] - response = sendRequestAndVerify(findTestObject("MTN Development/MTN Subscription/Subscription - Valid")): Send request and verify the response successfully

2020-02-21 11:56:23 - [MESSAGE][INFO] - HAR: /home/ushani/gitRepos/Orange_Product_Development/PDORNG_API_Development/Reports/20200221_115551/MTN Development/MTN Subscription/20200221_115551/requests/main/13.har

2020-02-21 11:56:23 - [TEST_CASE][PASSED] - Start Test Case : Verification: Verification accomplished successfully

2020-02-21 11:56:23 - [TEST_STEP][PASSED] - request = getInstance().getCurrentRequest(): null

2020-02-21 11:56:23 - [TEST_STEP][PASSED] - response = getInstance().getCurrentResponse(): null

2020-02-21 11:56:23 - [TEST_STEP][PASSED] - verifyResponseStatusCode(response, 200): Verify response status code successfully

2020-02-21 11:56:23 - [MESSAGE][PASSED] - Verify response status code successfully

2020-02-21 11:56:23 - [TEST_STEP][PASSED] - getStatusCode()).isEqualTo(200): null

2020-02-21 11:56:23 - [MESSAGE][PASSED] - Verify response successfully

2020-02-21 11:56:23 - [MESSAGE][PASSED] - Send request and verify the response successfully]]></system-out>
         <system-err><![CDATA[]]></system-err>
      </testcase>
      <testcase name="Test Cases/MTN Development/MTN Subscription/Sub_Verify invalid sp id in header" time="3.264" classname="Test Cases/MTN Development/MTN Subscription/Sub_Verify invalid sp id in header" status="PASSED">
         <system-out><![CDATA[2020-02-21 11:56:23 - [TEST_CASE][PASSED] - Test Cases/MTN Development/MTN Subscription/Sub_Verify invalid sp id in header: Test Cases/MTN Development/MTN Subscription/Sub_Verify invalid sp id in header

2020-02-21 11:56:23 - [TEST_STEP][PASSED] - sendRequest(findTestObject("MTN Development/MTN Subscription/Subscription - Invalid sp id")): Send request successfully

2020-02-21 11:56:24 - [MESSAGE][INFO] - HAR: /home/ushani/gitRepos/Orange_Product_Development/PDORNG_API_Development/Reports/20200221_115551/MTN Development/MTN Subscription/20200221_115551/requests/main/14.har

2020-02-21 11:56:24 - [MESSAGE][PASSED] - Send request successfully

2020-02-21 11:56:24 - [TEST_STEP][PASSED] - response = sendRequestAndVerify(findTestObject("MTN Development/MTN Subscription/Subscription - Invalid sp id")): Send request and verify the response successfully

2020-02-21 11:56:26 - [MESSAGE][INFO] - HAR: /home/ushani/gitRepos/Orange_Product_Development/PDORNG_API_Development/Reports/20200221_115551/MTN Development/MTN Subscription/20200221_115551/requests/main/15.har

2020-02-21 11:56:26 - [TEST_CASE][PASSED] - Start Test Case : Verification: Verification accomplished successfully

2020-02-21 11:56:26 - [TEST_STEP][PASSED] - request = getInstance().getCurrentRequest(): null

2020-02-21 11:56:26 - [TEST_STEP][PASSED] - response = getInstance().getCurrentResponse(): null

2020-02-21 11:56:26 - [TEST_STEP][PASSED] - verifyResponseStatusCode(response, 400): Verify response status code successfully

2020-02-21 11:56:26 - [MESSAGE][PASSED] - Verify response status code successfully

2020-02-21 11:56:26 - [TEST_STEP][PASSED] - getStatusCode()).isEqualTo(400): null

2020-02-21 11:56:26 - [MESSAGE][PASSED] - Verify response successfully

2020-02-21 11:56:26 - [MESSAGE][PASSED] - Send request and verify the response successfully]]></system-out>
         <system-err><![CDATA[]]></system-err>
      </testcase>
      <testcase name="Test Cases/MTN Development/MTN Subscription/Sub_Verify invalid product id in header" time="3.131" classname="Test Cases/MTN Development/MTN Subscription/Sub_Verify invalid product id in header" status="PASSED">
         <system-out><![CDATA[2020-02-21 11:56:26 - [TEST_CASE][PASSED] - Test Cases/MTN Development/MTN Subscription/Sub_Verify invalid product id in header: Test Cases/MTN Development/MTN Subscription/Sub_Verify invalid product id in header

2020-02-21 11:56:26 - [TEST_STEP][PASSED] - sendRequest(findTestObject("MTN Development/MTN Subscription/Subscription - Invalid product id")): Send request successfully

2020-02-21 11:56:28 - [MESSAGE][INFO] - HAR: /home/ushani/gitRepos/Orange_Product_Development/PDORNG_API_Development/Reports/20200221_115551/MTN Development/MTN Subscription/20200221_115551/requests/main/16.har

2020-02-21 11:56:28 - [MESSAGE][PASSED] - Send request successfully

2020-02-21 11:56:28 - [TEST_STEP][PASSED] - response = sendRequestAndVerify(findTestObject("MTN Development/MTN Subscription/Subscription - Invalid product id")): Send request and verify the response successfully

2020-02-21 11:56:29 - [MESSAGE][INFO] - HAR: /home/ushani/gitRepos/Orange_Product_Development/PDORNG_API_Development/Reports/20200221_115551/MTN Development/MTN Subscription/20200221_115551/requests/main/17.har

2020-02-21 11:56:29 - [TEST_CASE][PASSED] - Start Test Case : Verification: Verification accomplished successfully

2020-02-21 11:56:29 - [TEST_STEP][PASSED] - request = getInstance().getCurrentRequest(): null

2020-02-21 11:56:29 - [TEST_STEP][PASSED] - response = getInstance().getCurrentResponse(): null

2020-02-21 11:56:29 - [TEST_STEP][PASSED] - verifyResponseStatusCode(response, 400): Verify response status code successfully

2020-02-21 11:56:29 - [MESSAGE][PASSED] - Verify response status code successfully

2020-02-21 11:56:29 - [TEST_STEP][PASSED] - getStatusCode()).isEqualTo(400): null

2020-02-21 11:56:29 - [MESSAGE][PASSED] - Verify response successfully

2020-02-21 11:56:29 - [MESSAGE][PASSED] - Send request and verify the response successfully]]></system-out>
         <system-err><![CDATA[]]></system-err>
      </testcase>
      <testcase name="Test Cases/MTN Development/MTN Subscription/Sub_Verify invalid mno name in header" time="3.056" classname="Test Cases/MTN Development/MTN Subscription/Sub_Verify invalid mno name in header" status="PASSED">
         <system-out><![CDATA[2020-02-21 11:56:29 - [TEST_CASE][PASSED] - Test Cases/MTN Development/MTN Subscription/Sub_Verify invalid mno name in header: Test Cases/MTN Development/MTN Subscription/Sub_Verify invalid mno name in header

2020-02-21 11:56:29 - [TEST_STEP][PASSED] - sendRequest(findTestObject("MTN Development/MTN Subscription/Subscription - Invalid mno name")): Send request successfully

2020-02-21 11:56:31 - [MESSAGE][INFO] - HAR: /home/ushani/gitRepos/Orange_Product_Development/PDORNG_API_Development/Reports/20200221_115551/MTN Development/MTN Subscription/20200221_115551/requests/main/18.har

2020-02-21 11:56:31 - [MESSAGE][PASSED] - Send request successfully

2020-02-21 11:56:31 - [TEST_STEP][PASSED] - response = sendRequestAndVerify(findTestObject("MTN Development/MTN Subscription/Subscription - Invalid mno name")): Send request and verify the response successfully

2020-02-21 11:56:32 - [MESSAGE][INFO] - HAR: /home/ushani/gitRepos/Orange_Product_Development/PDORNG_API_Development/Reports/20200221_115551/MTN Development/MTN Subscription/20200221_115551/requests/main/19.har

2020-02-21 11:56:32 - [TEST_CASE][PASSED] - Start Test Case : Verification: Verification accomplished successfully

2020-02-21 11:56:32 - [TEST_STEP][PASSED] - request = getInstance().getCurrentRequest(): null

2020-02-21 11:56:32 - [TEST_STEP][PASSED] - response = getInstance().getCurrentResponse(): null

2020-02-21 11:56:32 - [TEST_STEP][PASSED] - verifyResponseStatusCode(response, 400): Verify response status code successfully

2020-02-21 11:56:32 - [MESSAGE][PASSED] - Verify response status code successfully

2020-02-21 11:56:32 - [TEST_STEP][PASSED] - getStatusCode()).isEqualTo(400): null

2020-02-21 11:56:32 - [MESSAGE][PASSED] - Verify response successfully

2020-02-21 11:56:32 - [MESSAGE][PASSED] - Send request and verify the response successfully]]></system-out>
         <system-err><![CDATA[]]></system-err>
      </testcase>
      <testcase name="Test Cases/MTN Development/MTN Subscription/Sub_Verify invalid country code in header" time="3.095" classname="Test Cases/MTN Development/MTN Subscription/Sub_Verify invalid country code in header" status="PASSED">
         <system-out><![CDATA[2020-02-21 11:56:32 - [TEST_CASE][PASSED] - Test Cases/MTN Development/MTN Subscription/Sub_Verify invalid country code in header: Test Cases/MTN Development/MTN Subscription/Sub_Verify invalid country code in header

2020-02-21 11:56:32 - [TEST_STEP][PASSED] - sendRequest(findTestObject("MTN Development/MTN Subscription/Subscription - Invalid country code")): Send request successfully

2020-02-21 11:56:34 - [MESSAGE][INFO] - HAR: /home/ushani/gitRepos/Orange_Product_Development/PDORNG_API_Development/Reports/20200221_115551/MTN Development/MTN Subscription/20200221_115551/requests/main/20.har

2020-02-21 11:56:34 - [MESSAGE][PASSED] - Send request successfully

2020-02-21 11:56:34 - [TEST_STEP][PASSED] - response = sendRequestAndVerify(findTestObject("MTN Development/MTN Subscription/Subscription - Invalid country code")): Send request and verify the response successfully

2020-02-21 11:56:35 - [MESSAGE][INFO] - HAR: /home/ushani/gitRepos/Orange_Product_Development/PDORNG_API_Development/Reports/20200221_115551/MTN Development/MTN Subscription/20200221_115551/requests/main/21.har

2020-02-21 11:56:35 - [TEST_CASE][PASSED] - Start Test Case : Verification: Verification accomplished successfully

2020-02-21 11:56:35 - [TEST_STEP][PASSED] - request = getInstance().getCurrentRequest(): null

2020-02-21 11:56:35 - [TEST_STEP][PASSED] - response = getInstance().getCurrentResponse(): null

2020-02-21 11:56:35 - [TEST_STEP][PASSED] - verifyResponseStatusCode(response, 400): Verify response status code successfully

2020-02-21 11:56:35 - [MESSAGE][PASSED] - Verify response status code successfully

2020-02-21 11:56:35 - [TEST_STEP][PASSED] - getStatusCode()).isEqualTo(400): null

2020-02-21 11:56:35 - [MESSAGE][PASSED] - Verify response successfully

2020-02-21 11:56:35 - [MESSAGE][PASSED] - Send request and verify the response successfully]]></system-out>
         <system-err><![CDATA[]]></system-err>
      </testcase>
      <system-out><![CDATA[2020-02-21 11:55:57 - [TEST_SUITE][PASSED] - MTN Subscription: Test Cases/MTN Development/MTN Subscription/Sub_Verify invalid country code in header]]></system-out>
      <system-err><![CDATA[]]></system-err>
   </testsuite>
</testsuites>
