<?xml version="1.0" encoding="UTF-8"?>
<testsuites name="MTN Subscription" time="10.421" tests="11" failures="0" errors="0">
   <testsuite name="MTN Subscription" tests="11" failures="0" errors="0" time="10.421" timestamp="2020-02-13 14:51:36" hostname="ushani - ushani-ThinkPad-T480s" id="Test Suites/MTN Development/MTN Subscription">
      <properties>
         <property name="deviceName" value=""/>
         <property name="devicePlatform" value=""/>
         <property name="logFolder" value="/home/ushani/gitRepos/Orange_Product_Development/PDORNG_API_Development/Reports/20200213_145130/MTN Development/MTN Subscription/20200213_145130"/>
         <property name="logFiles" value="/home/ushani/gitRepos/Orange_Product_Development/PDORNG_API_Development/Reports/20200213_145130/MTN Development/MTN Subscription/20200213_145130/execution0.log"/>
         <property name="attachments" value=""/>
         <property name="hostName" value="ushani - ushani-ThinkPad-T480s"/>
         <property name="hostAddress" value="127.0.1.1"/>
         <property name="os" value="Linux 64bit"/>
         <property name="katalonVersion" value="7.2.1.1"/>
      </properties>
      <testcase name="Test Cases/MTN Development/MTN Subscription/Sub_Verify the user id in header is blank" time="0.371" classname="Test Cases/MTN Development/MTN Subscription/Sub_Verify the user id in header is blank" status="PASSED">
         <system-out><![CDATA[2020-02-13 14:51:36 - [TEST_CASE][PASSED] - Test Cases/MTN Development/MTN Subscription/Sub_Verify the user id in header is blank: Test Cases/MTN Development/MTN Subscription/Sub_Verify the user id in header is blank

2020-02-13 14:51:36 - [TEST_STEP][PASSED] - return null: null]]></system-out>
         <system-err><![CDATA[]]></system-err>
      </testcase>
      <testcase name="Test Cases/MTN Development/MTN Subscription/Sub_Verify the state in header is blank" time="0.119" classname="Test Cases/MTN Development/MTN Subscription/Sub_Verify the state in header is blank" status="PASSED">
         <system-out><![CDATA[2020-02-13 14:51:36 - [TEST_CASE][PASSED] - Test Cases/MTN Development/MTN Subscription/Sub_Verify the state in header is blank: Test Cases/MTN Development/MTN Subscription/Sub_Verify the state in header is blank

2020-02-13 14:51:37 - [TEST_STEP][PASSED] - return null: null]]></system-out>
         <system-err><![CDATA[]]></system-err>
      </testcase>
      <testcase name="Test Cases/MTN Development/MTN Subscription/Sub_Verify the sp id in header is blank" time="0.106" classname="Test Cases/MTN Development/MTN Subscription/Sub_Verify the sp id in header is blank" status="PASSED">
         <system-out><![CDATA[2020-02-13 14:51:37 - [TEST_CASE][PASSED] - Test Cases/MTN Development/MTN Subscription/Sub_Verify the sp id in header is blank: Test Cases/MTN Development/MTN Subscription/Sub_Verify the sp id in header is blank

2020-02-13 14:51:37 - [TEST_STEP][PASSED] - return null: null]]></system-out>
         <system-err><![CDATA[]]></system-err>
      </testcase>
      <testcase name="Test Cases/MTN Development/MTN Subscription/Sub_Verify the product id in header is blank" time="0.083" classname="Test Cases/MTN Development/MTN Subscription/Sub_Verify the product id in header is blank" status="PASSED">
         <system-out><![CDATA[2020-02-13 14:51:37 - [TEST_CASE][PASSED] - Test Cases/MTN Development/MTN Subscription/Sub_Verify the product id in header is blank: Test Cases/MTN Development/MTN Subscription/Sub_Verify the product id in header is blank

2020-02-13 14:51:37 - [TEST_STEP][PASSED] - return null: null]]></system-out>
         <system-err><![CDATA[]]></system-err>
      </testcase>
      <testcase name="Test Cases/MTN Development/MTN Subscription/Sub_Verify the mno name in header is blank" time="0.072" classname="Test Cases/MTN Development/MTN Subscription/Sub_Verify the mno name in header is blank" status="PASSED">
         <system-out><![CDATA[2020-02-13 14:51:37 - [TEST_CASE][PASSED] - Test Cases/MTN Development/MTN Subscription/Sub_Verify the mno name in header is blank: Test Cases/MTN Development/MTN Subscription/Sub_Verify the mno name in header is blank

2020-02-13 14:51:37 - [TEST_STEP][PASSED] - return null: null]]></system-out>
         <system-err><![CDATA[]]></system-err>
      </testcase>
      <testcase name="Test Cases/MTN Development/MTN Subscription/Sub_Verify the country code in header is blank" time="0.067" classname="Test Cases/MTN Development/MTN Subscription/Sub_Verify the country code in header is blank" status="PASSED">
         <system-out><![CDATA[2020-02-13 14:51:37 - [TEST_CASE][PASSED] - Test Cases/MTN Development/MTN Subscription/Sub_Verify the country code in header is blank: Test Cases/MTN Development/MTN Subscription/Sub_Verify the country code in header is blank

2020-02-13 14:51:37 - [TEST_STEP][PASSED] - return null: null]]></system-out>
         <system-err><![CDATA[]]></system-err>
      </testcase>
      <testcase name="Test Cases/MTN Development/MTN Subscription/Sub_Verify sending request from SP with all required request header fields" time="8.979" classname="Test Cases/MTN Development/MTN Subscription/Sub_Verify sending request from SP with all required request header fields" status="PASSED">
         <system-out><![CDATA[2020-02-13 14:51:37 - [TEST_CASE][PASSED] - Test Cases/MTN Development/MTN Subscription/Sub_Verify sending request from SP with all required request header fields: Test Cases/MTN Development/MTN Subscription/Sub_Verify sending request from SP with all required request header fields

2020-02-13 14:51:37 - [TEST_STEP][PASSED] - sendRequest(findTestObject("MTN Development/MTN Subscription/Valid subscription")): Send request successfully

2020-02-13 14:51:46 - [MESSAGE][INFO] - HAR: /home/ushani/gitRepos/Orange_Product_Development/PDORNG_API_Development/Reports/20200213_145130/MTN Development/MTN Subscription/20200213_145130/requests/main/0.har

2020-02-13 14:51:46 - [MESSAGE][PASSED] - Send request successfully]]></system-out>
         <system-err><![CDATA[]]></system-err>
      </testcase>
      <testcase name="Test Cases/MTN Development/MTN Subscription/Sub_Verify invalid sp id in header" time="0.054" classname="Test Cases/MTN Development/MTN Subscription/Sub_Verify invalid sp id in header" status="PASSED">
         <system-out><![CDATA[2020-02-13 14:51:46 - [TEST_CASE][PASSED] - Test Cases/MTN Development/MTN Subscription/Sub_Verify invalid sp id in header: Test Cases/MTN Development/MTN Subscription/Sub_Verify invalid sp id in header

2020-02-13 14:51:46 - [TEST_STEP][PASSED] - return null: null]]></system-out>
         <system-err><![CDATA[]]></system-err>
      </testcase>
      <testcase name="Test Cases/MTN Development/MTN Subscription/Sub_Verify invalid product id in header" time="0.072" classname="Test Cases/MTN Development/MTN Subscription/Sub_Verify invalid product id in header" status="PASSED">
         <system-out><![CDATA[2020-02-13 14:51:46 - [TEST_CASE][PASSED] - Test Cases/MTN Development/MTN Subscription/Sub_Verify invalid product id in header: Test Cases/MTN Development/MTN Subscription/Sub_Verify invalid product id in header

2020-02-13 14:51:46 - [TEST_STEP][PASSED] - return null: null]]></system-out>
         <system-err><![CDATA[]]></system-err>
      </testcase>
      <testcase name="Test Cases/MTN Development/MTN Subscription/Sub_Verify invalid mno name in header" time="0.124" classname="Test Cases/MTN Development/MTN Subscription/Sub_Verify invalid mno name in header" status="PASSED">
         <system-out><![CDATA[2020-02-13 14:51:46 - [TEST_CASE][PASSED] - Test Cases/MTN Development/MTN Subscription/Sub_Verify invalid mno name in header: Test Cases/MTN Development/MTN Subscription/Sub_Verify invalid mno name in header

2020-02-13 14:51:46 - [TEST_STEP][PASSED] - return null: null]]></system-out>
         <system-err><![CDATA[]]></system-err>
      </testcase>
      <testcase name="Test Cases/MTN Development/MTN Subscription/Sub_Verify invalid country code in header" time="0.076" classname="Test Cases/MTN Development/MTN Subscription/Sub_Verify invalid country code in header" status="PASSED">
         <system-out><![CDATA[2020-02-13 14:51:46 - [TEST_CASE][PASSED] - Test Cases/MTN Development/MTN Subscription/Sub_Verify invalid country code in header: Test Cases/MTN Development/MTN Subscription/Sub_Verify invalid country code in header

2020-02-13 14:51:46 - [TEST_STEP][PASSED] - return null: null]]></system-out>
         <system-err><![CDATA[]]></system-err>
      </testcase>
      <system-out><![CDATA[2020-02-13 14:51:36 - [TEST_SUITE][PASSED] - MTN Subscription: Test Cases/MTN Development/MTN Subscription/Sub_Verify invalid country code in header]]></system-out>
      <system-err><![CDATA[]]></system-err>
   </testsuite>
</testsuites>
