<?xml version="1.0" encoding="UTF-8"?>
<testsuites name="MTN Subscription" time="59.413" tests="13" failures="0" errors="0">
   <testsuite name="MTN Subscription" tests="13" failures="0" errors="0" time="59.413" timestamp="2020-02-25 14:48:07" hostname="ushani - ushani-ThinkPad-T480s" id="Test Suites/MTN Development/MTN Subscription">
      <properties>
         <property name="deviceName" value=""/>
         <property name="devicePlatform" value=""/>
         <property name="logFolder" value="/home/ushani/gitRepos/Orange_Product_Development/PDORNG_API_Development/Reports/20200225_144658/MTN Development/MTN Subscription/20200225_144658"/>
         <property name="logFiles" value="/home/ushani/gitRepos/Orange_Product_Development/PDORNG_API_Development/Reports/20200225_144658/MTN Development/MTN Subscription/20200225_144658/execution0.log"/>
         <property name="attachments" value=""/>
         <property name="hostName" value="ushani - ushani-ThinkPad-T480s"/>
         <property name="hostAddress" value="127.0.1.1"/>
         <property name="os" value="Linux 64bit"/>
         <property name="katalonVersion" value="7.2.1.1"/>
      </properties>
      <testcase name="Test Cases/MTN Development/MTN Subscription/Sub_Verify the user id in header is blank" time="12.3" classname="Test Cases/MTN Development/MTN Subscription/Sub_Verify the user id in header is blank" status="PASSED">
         <system-out><![CDATA[2020-02-25 14:48:07 - [TEST_CASE][PASSED] - Test Cases/MTN Development/MTN Subscription/Sub_Verify the user id in header is blank: Test Cases/MTN Development/MTN Subscription/Sub_Verify the user id in header is blank

2020-02-25 14:48:07 - [TEST_STEP][PASSED] - sendRequest(findTestObject("MTN Development/MTN Subscription/Subscription - Blank user id")): Send request successfully

2020-02-25 14:48:18 - [MESSAGE][INFO] - HAR: /home/ushani/gitRepos/Orange_Product_Development/PDORNG_API_Development/Reports/20200225_144658/MTN Development/MTN Subscription/20200225_144658/requests/main/0.har

2020-02-25 14:48:18 - [MESSAGE][PASSED] - Send request successfully

2020-02-25 14:48:18 - [TEST_STEP][PASSED] - response = sendRequestAndVerify(findTestObject("MTN Development/MTN Subscription/Subscription - Blank user id")): Send request and verify the response successfully

2020-02-25 14:48:19 - [MESSAGE][INFO] - HAR: /home/ushani/gitRepos/Orange_Product_Development/PDORNG_API_Development/Reports/20200225_144658/MTN Development/MTN Subscription/20200225_144658/requests/main/1.har

2020-02-25 14:48:19 - [TEST_CASE][PASSED] - Start Test Case : Verification: Verification accomplished successfully

2020-02-25 14:48:19 - [TEST_STEP][PASSED] - request = getInstance().getCurrentRequest(): null

2020-02-25 14:48:19 - [TEST_STEP][PASSED] - response = getInstance().getCurrentResponse(): null

2020-02-25 14:48:19 - [TEST_STEP][PASSED] - verifyResponseStatusCode(response, 400): Verify response status code successfully

2020-02-25 14:48:19 - [MESSAGE][PASSED] - Verify response status code successfully

2020-02-25 14:48:19 - [TEST_STEP][PASSED] - getStatusCode()).isEqualTo(400): null

2020-02-25 14:48:19 - [MESSAGE][PASSED] - Verify response successfully

2020-02-25 14:48:19 - [MESSAGE][PASSED] - Send request and verify the response successfully]]></system-out>
         <system-err><![CDATA[]]></system-err>
      </testcase>
      <testcase name="Test Cases/MTN Development/MTN Subscription/Sub_Verify the state in header is blank" time="3.366" classname="Test Cases/MTN Development/MTN Subscription/Sub_Verify the state in header is blank" status="PASSED">
         <system-out><![CDATA[2020-02-25 14:48:19 - [TEST_CASE][PASSED] - Test Cases/MTN Development/MTN Subscription/Sub_Verify the state in header is blank: Test Cases/MTN Development/MTN Subscription/Sub_Verify the state in header is blank

2020-02-25 14:48:20 - [TEST_STEP][PASSED] - sendRequest(findTestObject("MTN Development/MTN Subscription/Subscription - Blank state")): Send request successfully

2020-02-25 14:48:21 - [MESSAGE][INFO] - HAR: /home/ushani/gitRepos/Orange_Product_Development/PDORNG_API_Development/Reports/20200225_144658/MTN Development/MTN Subscription/20200225_144658/requests/main/2.har

2020-02-25 14:48:21 - [MESSAGE][PASSED] - Send request successfully

2020-02-25 14:48:21 - [TEST_STEP][PASSED] - response = sendRequestAndVerify(findTestObject("MTN Development/MTN Subscription/Subscription - Blank state")): Send request and verify the response successfully

2020-02-25 14:48:23 - [MESSAGE][INFO] - HAR: /home/ushani/gitRepos/Orange_Product_Development/PDORNG_API_Development/Reports/20200225_144658/MTN Development/MTN Subscription/20200225_144658/requests/main/3.har

2020-02-25 14:48:23 - [TEST_CASE][PASSED] - Start Test Case : Verification: Verification accomplished successfully

2020-02-25 14:48:23 - [TEST_STEP][PASSED] - request = getInstance().getCurrentRequest(): null

2020-02-25 14:48:23 - [TEST_STEP][PASSED] - response = getInstance().getCurrentResponse(): null

2020-02-25 14:48:23 - [TEST_STEP][PASSED] - verifyResponseStatusCode(response, 400): Verify response status code successfully

2020-02-25 14:48:23 - [MESSAGE][PASSED] - Verify response status code successfully

2020-02-25 14:48:23 - [TEST_STEP][PASSED] - getStatusCode()).isEqualTo(400): null

2020-02-25 14:48:23 - [MESSAGE][PASSED] - Verify response successfully

2020-02-25 14:48:23 - [MESSAGE][PASSED] - Send request and verify the response successfully]]></system-out>
         <system-err><![CDATA[]]></system-err>
      </testcase>
      <testcase name="Test Cases/MTN Development/MTN Subscription/Sub_Verify the sp id in header is blank" time="3.354" classname="Test Cases/MTN Development/MTN Subscription/Sub_Verify the sp id in header is blank" status="PASSED">
         <system-out><![CDATA[2020-02-25 14:48:23 - [TEST_CASE][PASSED] - Test Cases/MTN Development/MTN Subscription/Sub_Verify the sp id in header is blank: Test Cases/MTN Development/MTN Subscription/Sub_Verify the sp id in header is blank

2020-02-25 14:48:23 - [TEST_STEP][PASSED] - sendRequest(findTestObject("MTN Development/MTN Subscription/Subscription - Blank sp id")): Send request successfully

2020-02-25 14:48:25 - [MESSAGE][INFO] - HAR: /home/ushani/gitRepos/Orange_Product_Development/PDORNG_API_Development/Reports/20200225_144658/MTN Development/MTN Subscription/20200225_144658/requests/main/4.har

2020-02-25 14:48:25 - [MESSAGE][PASSED] - Send request successfully

2020-02-25 14:48:25 - [TEST_STEP][PASSED] - response = sendRequestAndVerify(findTestObject("MTN Development/MTN Subscription/Subscription - Blank sp id")): Send request and verify the response successfully

2020-02-25 14:48:26 - [MESSAGE][INFO] - HAR: /home/ushani/gitRepos/Orange_Product_Development/PDORNG_API_Development/Reports/20200225_144658/MTN Development/MTN Subscription/20200225_144658/requests/main/5.har

2020-02-25 14:48:26 - [TEST_CASE][PASSED] - Start Test Case : Verification: Verification accomplished successfully

2020-02-25 14:48:26 - [TEST_STEP][PASSED] - request = getInstance().getCurrentRequest(): null

2020-02-25 14:48:26 - [TEST_STEP][PASSED] - response = getInstance().getCurrentResponse(): null

2020-02-25 14:48:26 - [TEST_STEP][PASSED] - verifyResponseStatusCode(response, 400): Verify response status code successfully

2020-02-25 14:48:26 - [MESSAGE][PASSED] - Verify response status code successfully

2020-02-25 14:48:26 - [TEST_STEP][PASSED] - getStatusCode()).isEqualTo(400): null

2020-02-25 14:48:26 - [MESSAGE][PASSED] - Verify response successfully

2020-02-25 14:48:26 - [MESSAGE][PASSED] - Send request and verify the response successfully]]></system-out>
         <system-err><![CDATA[]]></system-err>
      </testcase>
      <testcase name="Test Cases/MTN Development/MTN Subscription/Sub_Verify the product id in header is blank" time="3.334" classname="Test Cases/MTN Development/MTN Subscription/Sub_Verify the product id in header is blank" status="PASSED">
         <system-out><![CDATA[2020-02-25 14:48:26 - [TEST_CASE][PASSED] - Test Cases/MTN Development/MTN Subscription/Sub_Verify the product id in header is blank: Test Cases/MTN Development/MTN Subscription/Sub_Verify the product id in header is blank

2020-02-25 14:48:26 - [TEST_STEP][PASSED] - sendRequest(findTestObject("MTN Development/MTN Subscription/Subscription - Blank product id")): Send request successfully

2020-02-25 14:48:28 - [MESSAGE][INFO] - HAR: /home/ushani/gitRepos/Orange_Product_Development/PDORNG_API_Development/Reports/20200225_144658/MTN Development/MTN Subscription/20200225_144658/requests/main/6.har

2020-02-25 14:48:28 - [MESSAGE][PASSED] - Send request successfully

2020-02-25 14:48:28 - [TEST_STEP][PASSED] - response = sendRequestAndVerify(findTestObject("MTN Development/MTN Subscription/Subscription - Blank product id")): Send request and verify the response successfully

2020-02-25 14:48:29 - [MESSAGE][INFO] - HAR: /home/ushani/gitRepos/Orange_Product_Development/PDORNG_API_Development/Reports/20200225_144658/MTN Development/MTN Subscription/20200225_144658/requests/main/7.har

2020-02-25 14:48:30 - [TEST_CASE][PASSED] - Start Test Case : Verification: Verification accomplished successfully

2020-02-25 14:48:30 - [TEST_STEP][PASSED] - request = getInstance().getCurrentRequest(): null

2020-02-25 14:48:30 - [TEST_STEP][PASSED] - response = getInstance().getCurrentResponse(): null

2020-02-25 14:48:30 - [TEST_STEP][PASSED] - verifyResponseStatusCode(response, 400): Verify response status code successfully

2020-02-25 14:48:30 - [MESSAGE][PASSED] - Verify response status code successfully

2020-02-25 14:48:30 - [TEST_STEP][PASSED] - getStatusCode()).isEqualTo(400): null

2020-02-25 14:48:30 - [MESSAGE][PASSED] - Verify response successfully

2020-02-25 14:48:30 - [MESSAGE][PASSED] - Send request and verify the response successfully]]></system-out>
         <system-err><![CDATA[]]></system-err>
      </testcase>
      <testcase name="Test Cases/MTN Development/MTN Subscription/Sub_Verify the mno name in header is blank" time="3.292" classname="Test Cases/MTN Development/MTN Subscription/Sub_Verify the mno name in header is blank" status="PASSED">
         <system-out><![CDATA[2020-02-25 14:48:30 - [TEST_CASE][PASSED] - Test Cases/MTN Development/MTN Subscription/Sub_Verify the mno name in header is blank: Test Cases/MTN Development/MTN Subscription/Sub_Verify the mno name in header is blank

2020-02-25 14:48:30 - [TEST_STEP][PASSED] - sendRequest(findTestObject("MTN Development/MTN Subscription/Subscription - Blank mno name")): Send request successfully

2020-02-25 14:48:31 - [MESSAGE][INFO] - HAR: /home/ushani/gitRepos/Orange_Product_Development/PDORNG_API_Development/Reports/20200225_144658/MTN Development/MTN Subscription/20200225_144658/requests/main/8.har

2020-02-25 14:48:31 - [MESSAGE][PASSED] - Send request successfully

2020-02-25 14:48:31 - [TEST_STEP][PASSED] - response = sendRequestAndVerify(findTestObject("MTN Development/MTN Subscription/Subscription - Blank mno name")): Send request and verify the response successfully

2020-02-25 14:48:33 - [MESSAGE][INFO] - HAR: /home/ushani/gitRepos/Orange_Product_Development/PDORNG_API_Development/Reports/20200225_144658/MTN Development/MTN Subscription/20200225_144658/requests/main/9.har

2020-02-25 14:48:33 - [TEST_CASE][PASSED] - Start Test Case : Verification: Verification accomplished successfully

2020-02-25 14:48:33 - [TEST_STEP][PASSED] - request = getInstance().getCurrentRequest(): null

2020-02-25 14:48:33 - [TEST_STEP][PASSED] - response = getInstance().getCurrentResponse(): null

2020-02-25 14:48:33 - [TEST_STEP][PASSED] - verifyResponseStatusCode(response, 400): Verify response status code successfully

2020-02-25 14:48:33 - [MESSAGE][PASSED] - Verify response status code successfully

2020-02-25 14:48:33 - [TEST_STEP][PASSED] - getStatusCode()).isEqualTo(400): null

2020-02-25 14:48:33 - [MESSAGE][PASSED] - Verify response successfully

2020-02-25 14:48:33 - [MESSAGE][PASSED] - Send request and verify the response successfully]]></system-out>
         <system-err><![CDATA[]]></system-err>
      </testcase>
      <testcase name="Test Cases/MTN Development/MTN Subscription/Sub_Verify the country code in header is blank" time="3.457" classname="Test Cases/MTN Development/MTN Subscription/Sub_Verify the country code in header is blank" status="PASSED">
         <system-out><![CDATA[2020-02-25 14:48:33 - [TEST_CASE][PASSED] - Test Cases/MTN Development/MTN Subscription/Sub_Verify the country code in header is blank: Test Cases/MTN Development/MTN Subscription/Sub_Verify the country code in header is blank

2020-02-25 14:48:33 - [TEST_STEP][PASSED] - sendRequest(findTestObject("MTN Development/MTN Subscription/Subscription - Blank country code")): Send request successfully

2020-02-25 14:48:34 - [MESSAGE][INFO] - HAR: /home/ushani/gitRepos/Orange_Product_Development/PDORNG_API_Development/Reports/20200225_144658/MTN Development/MTN Subscription/20200225_144658/requests/main/10.har

2020-02-25 14:48:34 - [MESSAGE][PASSED] - Send request successfully

2020-02-25 14:48:34 - [TEST_STEP][PASSED] - response = sendRequestAndVerify(findTestObject("MTN Development/MTN Subscription/Subscription - Blank country code")): Send request and verify the response successfully

2020-02-25 14:48:36 - [MESSAGE][INFO] - HAR: /home/ushani/gitRepos/Orange_Product_Development/PDORNG_API_Development/Reports/20200225_144658/MTN Development/MTN Subscription/20200225_144658/requests/main/11.har

2020-02-25 14:48:36 - [TEST_CASE][PASSED] - Start Test Case : Verification: Verification accomplished successfully

2020-02-25 14:48:36 - [TEST_STEP][PASSED] - request = getInstance().getCurrentRequest(): null

2020-02-25 14:48:36 - [TEST_STEP][PASSED] - response = getInstance().getCurrentResponse(): null

2020-02-25 14:48:36 - [TEST_STEP][PASSED] - verifyResponseStatusCode(response, 400): Verify response status code successfully

2020-02-25 14:48:36 - [MESSAGE][PASSED] - Verify response status code successfully

2020-02-25 14:48:36 - [TEST_STEP][PASSED] - getStatusCode()).isEqualTo(400): null

2020-02-25 14:48:36 - [MESSAGE][PASSED] - Verify response successfully

2020-02-25 14:48:36 - [MESSAGE][PASSED] - Send request and verify the response successfully]]></system-out>
         <system-err><![CDATA[]]></system-err>
      </testcase>
      <testcase name="Test Cases/MTN Development/MTN Subscription/Sub_Verify sending request from SP with all required request header fields" time="5.628" classname="Test Cases/MTN Development/MTN Subscription/Sub_Verify sending request from SP with all required request header fields" status="PASSED">
         <system-out><![CDATA[2020-02-25 14:48:36 - [TEST_CASE][PASSED] - Test Cases/MTN Development/MTN Subscription/Sub_Verify sending request from SP with all required request header fields: Test Cases/MTN Development/MTN Subscription/Sub_Verify sending request from SP with all required request header fields

2020-02-25 14:48:36 - [TEST_STEP][PASSED] - sendRequest(findTestObject("MTN Development/MTN Subscription/Subscription - Valid")): Send request successfully

2020-02-25 14:48:39 - [MESSAGE][INFO] - HAR: /home/ushani/gitRepos/Orange_Product_Development/PDORNG_API_Development/Reports/20200225_144658/MTN Development/MTN Subscription/20200225_144658/requests/main/12.har

2020-02-25 14:48:39 - [MESSAGE][PASSED] - Send request successfully

2020-02-25 14:48:39 - [TEST_STEP][PASSED] - response = sendRequestAndVerify(findTestObject("MTN Development/MTN Subscription/Subscription - Valid")): Send request and verify the response successfully

2020-02-25 14:48:42 - [MESSAGE][INFO] - HAR: /home/ushani/gitRepos/Orange_Product_Development/PDORNG_API_Development/Reports/20200225_144658/MTN Development/MTN Subscription/20200225_144658/requests/main/13.har

2020-02-25 14:48:42 - [TEST_CASE][PASSED] - Start Test Case : Verification: Verification accomplished successfully

2020-02-25 14:48:42 - [TEST_STEP][PASSED] - request = getInstance().getCurrentRequest(): null

2020-02-25 14:48:42 - [TEST_STEP][PASSED] - response = getInstance().getCurrentResponse(): null

2020-02-25 14:48:42 - [TEST_STEP][PASSED] - verifyResponseStatusCode(response, 200): Verify response status code successfully

2020-02-25 14:48:42 - [MESSAGE][PASSED] - Verify response status code successfully

2020-02-25 14:48:42 - [TEST_STEP][PASSED] - getStatusCode()).isEqualTo(200): null

2020-02-25 14:48:42 - [TEST_STEP][PASSED] - getResponseText()).contains("subscription-id"): null

2020-02-25 14:48:42 - [MESSAGE][PASSED] - Verify response successfully

2020-02-25 14:48:42 - [MESSAGE][PASSED] - Send request and verify the response successfully]]></system-out>
         <system-err><![CDATA[]]></system-err>
      </testcase>
      <testcase name="Test Cases/MTN Development/MTN Subscription/Sub_Verify invalid sp id in header" time="3.295" classname="Test Cases/MTN Development/MTN Subscription/Sub_Verify invalid sp id in header" status="PASSED">
         <system-out><![CDATA[2020-02-25 14:48:42 - [TEST_CASE][PASSED] - Test Cases/MTN Development/MTN Subscription/Sub_Verify invalid sp id in header: Test Cases/MTN Development/MTN Subscription/Sub_Verify invalid sp id in header

2020-02-25 14:48:42 - [TEST_STEP][PASSED] - sendRequest(findTestObject("MTN Development/MTN Subscription/Subscription - Invalid sp id")): Send request successfully

2020-02-25 14:48:44 - [MESSAGE][INFO] - HAR: /home/ushani/gitRepos/Orange_Product_Development/PDORNG_API_Development/Reports/20200225_144658/MTN Development/MTN Subscription/20200225_144658/requests/main/14.har

2020-02-25 14:48:44 - [MESSAGE][PASSED] - Send request successfully

2020-02-25 14:48:44 - [TEST_STEP][PASSED] - response = sendRequestAndVerify(findTestObject("MTN Development/MTN Subscription/Subscription - Invalid sp id")): Send request and verify the response successfully

2020-02-25 14:48:45 - [MESSAGE][INFO] - HAR: /home/ushani/gitRepos/Orange_Product_Development/PDORNG_API_Development/Reports/20200225_144658/MTN Development/MTN Subscription/20200225_144658/requests/main/15.har

2020-02-25 14:48:45 - [TEST_CASE][PASSED] - Start Test Case : Verification: Verification accomplished successfully

2020-02-25 14:48:45 - [TEST_STEP][PASSED] - request = getInstance().getCurrentRequest(): null

2020-02-25 14:48:45 - [TEST_STEP][PASSED] - response = getInstance().getCurrentResponse(): null

2020-02-25 14:48:45 - [TEST_STEP][PASSED] - verifyResponseStatusCode(response, 400): Verify response status code successfully

2020-02-25 14:48:45 - [MESSAGE][PASSED] - Verify response status code successfully

2020-02-25 14:48:45 - [TEST_STEP][PASSED] - getStatusCode()).isEqualTo(400): null

2020-02-25 14:48:45 - [MESSAGE][PASSED] - Verify response successfully

2020-02-25 14:48:45 - [MESSAGE][PASSED] - Send request and verify the response successfully]]></system-out>
         <system-err><![CDATA[]]></system-err>
      </testcase>
      <testcase name="Test Cases/MTN Development/MTN Subscription/Sub_Verify invalid product id in header" time="3.358" classname="Test Cases/MTN Development/MTN Subscription/Sub_Verify invalid product id in header" status="PASSED">
         <system-out><![CDATA[2020-02-25 14:48:45 - [TEST_CASE][PASSED] - Test Cases/MTN Development/MTN Subscription/Sub_Verify invalid product id in header: Test Cases/MTN Development/MTN Subscription/Sub_Verify invalid product id in header

2020-02-25 14:48:45 - [TEST_STEP][PASSED] - sendRequest(findTestObject("MTN Development/MTN Subscription/Subscription - Invalid product id")): Send request successfully

2020-02-25 14:48:47 - [MESSAGE][INFO] - HAR: /home/ushani/gitRepos/Orange_Product_Development/PDORNG_API_Development/Reports/20200225_144658/MTN Development/MTN Subscription/20200225_144658/requests/main/16.har

2020-02-25 14:48:47 - [MESSAGE][PASSED] - Send request successfully

2020-02-25 14:48:47 - [TEST_STEP][PASSED] - response = sendRequestAndVerify(findTestObject("MTN Development/MTN Subscription/Subscription - Invalid product id")): Send request and verify the response successfully

2020-02-25 14:48:49 - [MESSAGE][INFO] - HAR: /home/ushani/gitRepos/Orange_Product_Development/PDORNG_API_Development/Reports/20200225_144658/MTN Development/MTN Subscription/20200225_144658/requests/main/17.har

2020-02-25 14:48:49 - [TEST_CASE][PASSED] - Start Test Case : Verification: Verification accomplished successfully

2020-02-25 14:48:49 - [TEST_STEP][PASSED] - request = getInstance().getCurrentRequest(): null

2020-02-25 14:48:49 - [TEST_STEP][PASSED] - response = getInstance().getCurrentResponse(): null

2020-02-25 14:48:49 - [TEST_STEP][PASSED] - verifyResponseStatusCode(response, 400): Verify response status code successfully

2020-02-25 14:48:49 - [MESSAGE][PASSED] - Verify response status code successfully

2020-02-25 14:48:49 - [TEST_STEP][PASSED] - getStatusCode()).isEqualTo(400): null

2020-02-25 14:48:49 - [MESSAGE][PASSED] - Verify response successfully

2020-02-25 14:48:49 - [MESSAGE][PASSED] - Send request and verify the response successfully]]></system-out>
         <system-err><![CDATA[]]></system-err>
      </testcase>
      <testcase name="Test Cases/MTN Development/MTN Subscription/Sub_Verify invalid mno name in header" time="3.271" classname="Test Cases/MTN Development/MTN Subscription/Sub_Verify invalid mno name in header" status="PASSED">
         <system-out><![CDATA[2020-02-25 14:48:49 - [TEST_CASE][PASSED] - Test Cases/MTN Development/MTN Subscription/Sub_Verify invalid mno name in header: Test Cases/MTN Development/MTN Subscription/Sub_Verify invalid mno name in header

2020-02-25 14:48:49 - [TEST_STEP][PASSED] - sendRequest(findTestObject("MTN Development/MTN Subscription/Subscription - Invalid mno name")): Send request successfully

2020-02-25 14:48:50 - [MESSAGE][INFO] - HAR: /home/ushani/gitRepos/Orange_Product_Development/PDORNG_API_Development/Reports/20200225_144658/MTN Development/MTN Subscription/20200225_144658/requests/main/18.har

2020-02-25 14:48:50 - [MESSAGE][PASSED] - Send request successfully

2020-02-25 14:48:50 - [TEST_STEP][PASSED] - response = sendRequestAndVerify(findTestObject("MTN Development/MTN Subscription/Subscription - Invalid mno name")): Send request and verify the response successfully

2020-02-25 14:48:52 - [MESSAGE][INFO] - HAR: /home/ushani/gitRepos/Orange_Product_Development/PDORNG_API_Development/Reports/20200225_144658/MTN Development/MTN Subscription/20200225_144658/requests/main/19.har

2020-02-25 14:48:52 - [TEST_CASE][PASSED] - Start Test Case : Verification: Verification accomplished successfully

2020-02-25 14:48:52 - [TEST_STEP][PASSED] - request = getInstance().getCurrentRequest(): null

2020-02-25 14:48:52 - [TEST_STEP][PASSED] - response = getInstance().getCurrentResponse(): null

2020-02-25 14:48:52 - [TEST_STEP][PASSED] - verifyResponseStatusCode(response, 400): Verify response status code successfully

2020-02-25 14:48:52 - [MESSAGE][PASSED] - Verify response status code successfully

2020-02-25 14:48:52 - [TEST_STEP][PASSED] - getStatusCode()).isEqualTo(400): null

2020-02-25 14:48:52 - [MESSAGE][PASSED] - Verify response successfully

2020-02-25 14:48:52 - [MESSAGE][PASSED] - Send request and verify the response successfully]]></system-out>
         <system-err><![CDATA[]]></system-err>
      </testcase>
      <testcase name="Test Cases/MTN Development/MTN Subscription/Sub_Verify invalid country code in header" time="3.247" classname="Test Cases/MTN Development/MTN Subscription/Sub_Verify invalid country code in header" status="PASSED">
         <system-out><![CDATA[2020-02-25 14:48:52 - [TEST_CASE][PASSED] - Test Cases/MTN Development/MTN Subscription/Sub_Verify invalid country code in header: Test Cases/MTN Development/MTN Subscription/Sub_Verify invalid country code in header

2020-02-25 14:48:52 - [TEST_STEP][PASSED] - sendRequest(findTestObject("MTN Development/MTN Subscription/Subscription - Invalid country code")): Send request successfully

2020-02-25 14:48:54 - [MESSAGE][INFO] - HAR: /home/ushani/gitRepos/Orange_Product_Development/PDORNG_API_Development/Reports/20200225_144658/MTN Development/MTN Subscription/20200225_144658/requests/main/20.har

2020-02-25 14:48:54 - [MESSAGE][PASSED] - Send request successfully

2020-02-25 14:48:54 - [TEST_STEP][PASSED] - response = sendRequestAndVerify(findTestObject("MTN Development/MTN Subscription/Subscription - Invalid country code")): Send request and verify the response successfully

2020-02-25 14:48:55 - [MESSAGE][INFO] - HAR: /home/ushani/gitRepos/Orange_Product_Development/PDORNG_API_Development/Reports/20200225_144658/MTN Development/MTN Subscription/20200225_144658/requests/main/21.har

2020-02-25 14:48:55 - [TEST_CASE][PASSED] - Start Test Case : Verification: Verification accomplished successfully

2020-02-25 14:48:55 - [TEST_STEP][PASSED] - request = getInstance().getCurrentRequest(): null

2020-02-25 14:48:55 - [TEST_STEP][PASSED] - response = getInstance().getCurrentResponse(): null

2020-02-25 14:48:55 - [TEST_STEP][PASSED] - verifyResponseStatusCode(response, 400): Verify response status code successfully

2020-02-25 14:48:55 - [MESSAGE][PASSED] - Verify response status code successfully

2020-02-25 14:48:55 - [TEST_STEP][PASSED] - getStatusCode()).isEqualTo(400): null

2020-02-25 14:48:55 - [MESSAGE][PASSED] - Verify response successfully

2020-02-25 14:48:55 - [MESSAGE][PASSED] - Send request and verify the response successfully]]></system-out>
         <system-err><![CDATA[]]></system-err>
      </testcase>
      <testcase name="Test Cases/MTN Development/MTN Subscription/Sub_Verify MTN response code 001" time="5.351" classname="Test Cases/MTN Development/MTN Subscription/Sub_Verify MTN response code 001" status="PASSED">
         <system-out><![CDATA[2020-02-25 14:48:55 - [TEST_CASE][PASSED] - Test Cases/MTN Development/MTN Subscription/Sub_Verify MTN response code 001: Test Cases/MTN Development/MTN Subscription/Sub_Verify MTN response code 001

2020-02-25 14:48:55 - [TEST_STEP][PASSED] - sendRequest(findTestObject("MTN Development/MTN Subscription/Subscription - MTN response code 001")): Send request successfully

2020-02-25 14:48:58 - [MESSAGE][INFO] - HAR: /home/ushani/gitRepos/Orange_Product_Development/PDORNG_API_Development/Reports/20200225_144658/MTN Development/MTN Subscription/20200225_144658/requests/main/22.har

2020-02-25 14:48:58 - [MESSAGE][PASSED] - Send request successfully

2020-02-25 14:48:58 - [TEST_STEP][PASSED] - response = sendRequestAndVerify(findTestObject("MTN Development/MTN Subscription/Subscription - MTN response code 001")): Send request and verify the response successfully

2020-02-25 14:49:00 - [MESSAGE][INFO] - HAR: /home/ushani/gitRepos/Orange_Product_Development/PDORNG_API_Development/Reports/20200225_144658/MTN Development/MTN Subscription/20200225_144658/requests/main/23.har

2020-02-25 14:49:00 - [TEST_CASE][PASSED] - Start Test Case : Verification: Verification accomplished successfully

2020-02-25 14:49:00 - [TEST_STEP][PASSED] - request = getInstance().getCurrentRequest(): null

2020-02-25 14:49:00 - [TEST_STEP][PASSED] - response = getInstance().getCurrentResponse(): null

2020-02-25 14:49:00 - [TEST_STEP][PASSED] - verifyResponseStatusCode(response, 500): Verify response status code successfully

2020-02-25 14:49:00 - [MESSAGE][PASSED] - Verify response status code successfully

2020-02-25 14:49:00 - [TEST_STEP][PASSED] - getStatusCode()).isEqualTo(500): null

2020-02-25 14:49:00 - [TEST_STEP][PASSED] - getResponseText()).contains("messageId"): null

2020-02-25 14:49:00 - [MESSAGE][PASSED] - Verify response successfully

2020-02-25 14:49:00 - [MESSAGE][PASSED] - Send request and verify the response successfully]]></system-out>
         <system-err><![CDATA[]]></system-err>
      </testcase>
      <testcase name="Test Cases/MTN Development/MTN Subscription/Sub_Verify MTN response code 22007233" time="5.846" classname="Test Cases/MTN Development/MTN Subscription/Sub_Verify MTN response code 22007233" status="PASSED">
         <system-out><![CDATA[2020-02-25 14:49:00 - [TEST_CASE][PASSED] - Test Cases/MTN Development/MTN Subscription/Sub_Verify MTN response code 22007233: Test Cases/MTN Development/MTN Subscription/Sub_Verify MTN response code 22007233

2020-02-25 14:49:01 - [TEST_STEP][PASSED] - sendRequest(findTestObject("MTN Development/MTN Subscription/Subscription - MTN response code 22007233")): Send request successfully

2020-02-25 14:49:03 - [MESSAGE][INFO] - HAR: /home/ushani/gitRepos/Orange_Product_Development/PDORNG_API_Development/Reports/20200225_144658/MTN Development/MTN Subscription/20200225_144658/requests/main/24.har

2020-02-25 14:49:03 - [MESSAGE][PASSED] - Send request successfully

2020-02-25 14:49:03 - [TEST_STEP][PASSED] - response = sendRequestAndVerify(findTestObject("MTN Development/MTN Subscription/Subscription - MTN response code 22007233")): Send request and verify the response successfully

2020-02-25 14:49:06 - [MESSAGE][INFO] - HAR: /home/ushani/gitRepos/Orange_Product_Development/PDORNG_API_Development/Reports/20200225_144658/MTN Development/MTN Subscription/20200225_144658/requests/main/25.har

2020-02-25 14:49:06 - [TEST_CASE][PASSED] - Start Test Case : Verification: Verification accomplished successfully

2020-02-25 14:49:06 - [TEST_STEP][PASSED] - request = getInstance().getCurrentRequest(): null

2020-02-25 14:49:06 - [TEST_STEP][PASSED] - response = getInstance().getCurrentResponse(): null

2020-02-25 14:49:06 - [TEST_STEP][PASSED] - verifyResponseStatusCode(response, 200): Verify response status code successfully

2020-02-25 14:49:06 - [MESSAGE][PASSED] - Verify response status code successfully

2020-02-25 14:49:06 - [TEST_STEP][PASSED] - getStatusCode()).isEqualTo(200): null

2020-02-25 14:49:06 - [TEST_STEP][PASSED] - getResponseText()).contains("subscription-id"): null

2020-02-25 14:49:06 - [MESSAGE][PASSED] - Verify response successfully

2020-02-25 14:49:06 - [MESSAGE][PASSED] - Send request and verify the response successfully]]></system-out>
         <system-err><![CDATA[]]></system-err>
      </testcase>
      <system-out><![CDATA[2020-02-25 14:48:07 - [TEST_SUITE][PASSED] - MTN Subscription: Test Cases/MTN Development/MTN Subscription/Sub_Verify MTN response code 22007233]]></system-out>
      <system-err><![CDATA[]]></system-err>
   </testsuite>
</testsuites>
